[0.009s] Invoking command in '/home/elrefaee/course_ws/src/build/serial': /usr/bin/cmake /home/elrefaee/course_ws/src/serial -DCATKIN_INSTALL_INTO_PREFIX_ROOT=0 -DCATKIN_SYMLINK_INSTALL=ON -DCMAKE_INSTALL_PREFIX=/home/elrefaee/course_ws/src/install/serial
[0.015s] [0mCMake Deprecation Warning at CMakeLists.txt:1 (cmake_minimum_required):
[0.016s]   Compatibility with CMake < 2.8.12 will be removed from a future version of
[0.016s]   CMake.
[0.016s] 
[0.016s]   Update the VERSION argument <min> value or use a ...<max> suffix to tell
[0.016s]   CMake that the project does not need compatibility with older versions.
[0.016s] 
[0.016s] [0m
[0.056s] -- The C compiler identification is GNU 11.4.0
[0.104s] -- The CXX compiler identification is GNU 11.4.0
[0.110s] -- Detecting C compiler ABI info
[0.164s] -- Detecting C compiler ABI info - done
[0.171s] -- Check for working C compiler: /usr/bin/cc - skipped
[0.171s] -- Detecting C compile features
[0.171s] -- Detecting C compile features - done
[0.173s] -- Detecting CXX compiler ABI info
[0.233s] -- Detecting CXX compiler ABI info - done
[0.241s] -- Check for working CXX compiler: /usr/bin/c++ - skipped
[0.241s] -- Detecting CXX compile features
[0.241s] -- Detecting CXX compile features - done
[0.248s] [31mCMake Error at CMakeLists.txt:5 (find_package):
[0.248s]   By not providing "Findcatkin.cmake" in CMAKE_MODULE_PATH this project has
[0.248s]   asked CMake to find a package configuration file provided by "catkin", but
[0.248s]   CMake did not find one.
[0.248s] 
[0.248s]   Could not find a package configuration file provided by "catkin" with any
[0.248s]   of the following names:
[0.248s] 
[0.248s]     catkinConfig.cmake
[0.248s]     catkin-config.cmake
[0.248s] 
[0.248s]   Add the installation prefix of "catkin" to CMAKE_PREFIX_PATH or set
[0.248s]   "catkin_DIR" to a directory containing one of the above files.  If "catkin"
[0.248s]   provides a separate development package or SDK, be sure it has been
[0.248s]   installed.
[0.248s] 
[0.248s] [0m
[0.248s] -- Configuring incomplete, errors occurred!
[0.248s] See also "/home/elrefaee/course_ws/src/build/serial/CMakeFiles/CMakeOutput.log".
[0.251s] Invoked command in '/home/elrefaee/course_ws/src/build/serial' returned '1': /usr/bin/cmake /home/elrefaee/course_ws/src/serial -DCATKIN_INSTALL_INTO_PREFIX_ROOT=0 -DCATKIN_SYMLINK_INSTALL=ON -DCMAKE_INSTALL_PREFIX=/home/elrefaee/course_ws/src/install/serial
